[INFO] Scanning for projects...
[INFO] 
[INFO] ------------------< com.publicaciones:publicaciones >-------------------
[INFO] Building publicaciones 0.0.1-SNAPSHOT
[INFO]   from pom.xml
[INFO] --------------------------------[ jar ]---------------------------------
[INFO] 
[INFO] >>> spring-boot:3.5.5:run (default-cli) > test-compile @ publicaciones >>>
[INFO] 
[INFO] --- resources:3.3.1:resources (default-resources) @ publicaciones ---
[INFO] Copying 1 resource from src/main/resources to target/classes
[INFO] Copying 0 resource from src/main/resources to target/classes
[INFO] 
[INFO] --- compiler:3.14.0:compile (default-compile) @ publicaciones ---
[INFO] Recompiling the module because of changed source code.
[INFO] Compiling 9 source files with javac [debug parameters release 17] to target/classes
[INFO] 
[INFO] --- resources:3.3.1:testResources (default-testResources) @ publicaciones ---
[INFO] skip non existing resourceDirectory /Users/manucornejo/Documents/_duoc/bimestre 1/DESARROLLO FULLSTACK I_001A/actividad 3/Exp1_S3_Manuel_Cornejo/publicaciones/src/test/resources
[INFO] 
[INFO] --- compiler:3.14.0:testCompile (default-testCompile) @ publicaciones ---
[INFO] Recompiling the module because of changed dependency.
[INFO] Compiling 1 source file with javac [debug parameters release 17] to target/test-classes
[INFO] 
[INFO] <<< spring-boot:3.5.5:run (default-cli) < test-compile @ publicaciones <<<
[INFO] 
[INFO] 
[INFO] --- spring-boot:3.5.5:run (default-cli) @ publicaciones ---
[INFO] Attaching agents: []

  .   ____          _            __ _ _
 /\\ / ___'_ __ _ _(_)_ __  __ _ \ \ \ \
( ( )\___ | '_ | '_| | '_ \/ _` | \ \ \ \
 \\/  ___)| |_)| | | | | || (_| |  ) ) ) )
  '  |____| .__|_| |_|_| |_\__, | / / / /
 =========|_|==============|___/=/_/_/_/

 :: Spring Boot ::                (v3.5.5)

2025-09-16T11:30:20.601-03:00  INFO 34762 --- [publicaciones] [  restartedMain] c.p.p.PublicacionesApplication           : Starting PublicacionesApplication using Java 17.0.11 with PID 34762 (/Users/manucornejo/Documents/_duoc/bimestre 1/DESARROLLO FULLSTACK I_001A/actividad 3/Exp1_S3_Manuel_Cornejo/publicaciones/target/classes started by manucornejo in /Users/manucornejo/Documents/_duoc/bimestre 1/DESARROLLO FULLSTACK I_001A/actividad 3/Exp1_S3_Manuel_Cornejo/publicaciones)
2025-09-16T11:30:20.603-03:00  INFO 34762 --- [publicaciones] [  restartedMain] c.p.p.PublicacionesApplication           : No active profile set, falling back to 1 default profile: "default"
2025-09-16T11:30:20.622-03:00  INFO 34762 --- [publicaciones] [  restartedMain] o.s.b.devtools.restart.ChangeableUrls    : The Class-Path manifest attribute in /Users/manucornejo/.m2/repository/com/oracle/database/jdbc/ojdbc10/19.28.0.0/ojdbc10-19.28.0.0.jar referenced one or more files that do not exist: file:/Users/manucornejo/.m2/repository/com/oracle/database/jdbc/ojdbc10/19.28.0.0/oraclepki.jar
2025-09-16T11:30:20.622-03:00  INFO 34762 --- [publicaciones] [  restartedMain] o.s.b.devtools.restart.ChangeableUrls    : The Class-Path manifest attribute in /Users/manucornejo/.m2/repository/com/oracle/database/security/oraclepki/19.28.0.0/oraclepki-19.28.0.0.jar referenced one or more files that do not exist: file:/Users/manucornejo/.m2/repository/com/oracle/database/security/oraclepki/19.28.0.0/osdt_core.jar,file:/Users/manucornejo/.m2/repository/com/oracle/database/security/oraclepki/19.28.0.0/osdt_cert.jar,file:/Users/manucornejo/.m2/repository/com/oracle/database/security/oraclepki/oracle.osdt/osdt_core.jar,file:/Users/manucornejo/.m2/repository/com/oracle/database/security/oraclepki/oracle.osdt/osdt_cert.jar
2025-09-16T11:30:20.622-03:00  INFO 34762 --- [publicaciones] [  restartedMain] .e.DevToolsPropertyDefaultsPostProcessor : Devtools property defaults active! Set 'spring.devtools.add-properties' to 'false' to disable
2025-09-16T11:30:20.622-03:00  INFO 34762 --- [publicaciones] [  restartedMain] .e.DevToolsPropertyDefaultsPostProcessor : For additional web related logging consider setting the 'logging.level.web' property to 'DEBUG'
2025-09-16T11:30:20.868-03:00  INFO 34762 --- [publicaciones] [  restartedMain] .s.d.r.c.RepositoryConfigurationDelegate : Bootstrapping Spring Data JPA repositories in DEFAULT mode.
2025-09-16T11:30:20.892-03:00  INFO 34762 --- [publicaciones] [  restartedMain] .s.d.r.c.RepositoryConfigurationDelegate : Finished Spring Data repository scanning in 19 ms. Found 1 JPA repository interface.
2025-09-16T11:30:21.098-03:00  INFO 34762 --- [publicaciones] [  restartedMain] o.s.b.w.embedded.tomcat.TomcatWebServer  : Tomcat initialized with port 8080 (http)
2025-09-16T11:30:21.106-03:00  INFO 34762 --- [publicaciones] [  restartedMain] o.apache.catalina.core.StandardService   : Starting service [Tomcat]
2025-09-16T11:30:21.106-03:00  INFO 34762 --- [publicaciones] [  restartedMain] o.apache.catalina.core.StandardEngine    : Starting Servlet engine: [Apache Tomcat/10.1.44]
2025-09-16T11:30:21.123-03:00  INFO 34762 --- [publicaciones] [  restartedMain] o.a.c.c.C.[Tomcat].[localhost].[/]       : Initializing Spring embedded WebApplicationContext
2025-09-16T11:30:21.124-03:00  INFO 34762 --- [publicaciones] [  restartedMain] w.s.c.ServletWebServerApplicationContext : Root WebApplicationContext: initialization completed in 501 ms
2025-09-16T11:30:21.225-03:00  INFO 34762 --- [publicaciones] [  restartedMain] o.hibernate.jpa.internal.util.LogHelper  : HHH000204: Processing PersistenceUnitInfo [name: default]
2025-09-16T11:30:21.246-03:00  INFO 34762 --- [publicaciones] [  restartedMain] org.hibernate.Version                    : HHH000412: Hibernate ORM core version 6.6.26.Final
2025-09-16T11:30:21.259-03:00  INFO 34762 --- [publicaciones] [  restartedMain] o.h.c.internal.RegionFactoryInitiator    : HHH000026: Second-level cache disabled
2025-09-16T11:30:21.373-03:00  INFO 34762 --- [publicaciones] [  restartedMain] o.s.o.j.p.SpringPersistenceUnitInfo      : No LoadTimeWeaver setup: ignoring JPA class transformer
2025-09-16T11:30:21.385-03:00  INFO 34762 --- [publicaciones] [  restartedMain] com.zaxxer.hikari.HikariDataSource       : HikariPool-1 - Starting...
2025-09-16T11:30:21.814-03:00  INFO 34762 --- [publicaciones] [  restartedMain] com.zaxxer.hikari.pool.HikariPool        : HikariPool-1 - Added connection oracle.jdbc.driver.T4CConnection@2de8522f
2025-09-16T11:30:21.814-03:00  INFO 34762 --- [publicaciones] [  restartedMain] com.zaxxer.hikari.HikariDataSource       : HikariPool-1 - Start completed.
2025-09-16T11:30:21.884-03:00  WARN 34762 --- [publicaciones] [  restartedMain] org.hibernate.orm.deprecation            : HHH90000025: OracleDialect does not need to be specified explicitly using 'hibernate.dialect' (remove the property setting and it will be selected by default)
2025-09-16T11:30:21.918-03:00  INFO 34762 --- [publicaciones] [  restartedMain] org.hibernate.orm.connections.pooling    : HHH10001005: Database info:
	Database JDBC URL [Connecting through datasource 'HikariDataSource (HikariPool-1)']
	Database driver: undefined/unknown
	Database version: 19.1
	Autocommit mode: undefined/unknown
	Isolation level: undefined/unknown
	Minimum pool size: undefined/unknown
	Maximum pool size: undefined/unknown
2025-09-16T11:30:22.327-03:00  INFO 34762 --- [publicaciones] [  restartedMain] o.h.e.t.j.p.i.JtaPlatformInitiator       : HHH000489: No JTA platform available (set 'hibernate.transaction.jta.platform' to enable JTA platform integration)
2025-09-16T11:30:22.328-03:00  INFO 34762 --- [publicaciones] [  restartedMain] j.LocalContainerEntityManagerFactoryBean : Initialized JPA EntityManagerFactory for persistence unit 'default'
2025-09-16T11:30:22.433-03:00  INFO 34762 --- [publicaciones] [  restartedMain] o.s.d.j.r.query.QueryEnhancerFactory     : Hibernate is in classpath; If applicable, HQL parser will be used.
2025-09-16T11:30:23.057-03:00  WARN 34762 --- [publicaciones] [  restartedMain] JpaBaseConfiguration$JpaWebConfiguration : spring.jpa.open-in-view is enabled by default. Therefore, database queries may be performed during view rendering. Explicitly configure spring.jpa.open-in-view to disable this warning
2025-09-16T11:30:23.212-03:00  WARN 34762 --- [publicaciones] [  restartedMain] o.s.b.d.a.OptionalLiveReloadServer       : Unable to start LiveReload server
2025-09-16T11:30:23.221-03:00  WARN 34762 --- [publicaciones] [  restartedMain] ConfigServletWebServerApplicationContext : Exception encountered during context initialization - cancelling refresh attempt: org.springframework.context.ApplicationContextException: Failed to start bean 'webServerStartStop'
2025-09-16T11:30:23.222-03:00  INFO 34762 --- [publicaciones] [  restartedMain] j.LocalContainerEntityManagerFactoryBean : Closing JPA EntityManagerFactory for persistence unit 'default'
2025-09-16T11:30:23.223-03:00  INFO 34762 --- [publicaciones] [  restartedMain] com.zaxxer.hikari.HikariDataSource       : HikariPool-1 - Shutdown initiated...
2025-09-16T11:30:23.320-03:00  INFO 34762 --- [publicaciones] [  restartedMain] com.zaxxer.hikari.HikariDataSource       : HikariPool-1 - Shutdown completed.
2025-09-16T11:30:23.328-03:00  INFO 34762 --- [publicaciones] [  restartedMain] .s.b.a.l.ConditionEvaluationReportLogger : 

Error starting ApplicationContext. To display the condition evaluation report re-run your application with 'debug' enabled.
2025-09-16T11:30:23.335-03:00 ERROR 34762 --- [publicaciones] [  restartedMain] o.s.b.d.LoggingFailureAnalysisReporter   : 

***************************
APPLICATION FAILED TO START
***************************

Description:

Web server failed to start. Port 8080 was already in use.

Action:

Identify and stop the process that's listening on port 8080 or configure this application to listen on another port.

[INFO] ------------------------------------------------------------------------
[INFO] BUILD SUCCESS
[INFO] ------------------------------------------------------------------------
[INFO] Total time:  4.178 s
[INFO] Finished at: 2025-09-16T11:30:23-03:00
[INFO] ------------------------------------------------------------------------
